Analysis & Synthesis report for Lab2
Wed Feb 26 20:29:21 2025
Quartus II 64-Bit Version 13.1.0 Build 162 10/23/2013 SJ Web Edition


---------------------
; Table of Contents ;
---------------------
  1. Legal Notice
  2. Analysis & Synthesis Summary
  3. Analysis & Synthesis Settings
  4. Parallel Compilation
  5. Analysis & Synthesis Source Files Read
  6. Analysis & Synthesis Resource Usage Summary
  7. Analysis & Synthesis Resource Utilization by Entity
  8. Logic Cells Representing Combinational Loops
  9. General Register Statistics
 10. Multiplexer Restructuring Statistics (Restructuring Performed)
 11. Port Connectivity Checks: "register_file:inst|eightBitAsyncReg:\GEN_REG:7:reg_inst"
 12. Port Connectivity Checks: "register_file:inst|eightBitAsyncReg:\GEN_REG:6:reg_inst"
 13. Port Connectivity Checks: "register_file:inst|eightBitAsyncReg:\GEN_REG:5:reg_inst"
 14. Port Connectivity Checks: "register_file:inst|eightBitAsyncReg:\GEN_REG:4:reg_inst"
 15. Port Connectivity Checks: "register_file:inst|eightBitAsyncReg:\GEN_REG:3:reg_inst"
 16. Port Connectivity Checks: "register_file:inst|eightBitAsyncReg:\GEN_REG:2:reg_inst"
 17. Port Connectivity Checks: "register_file:inst|eightBitAsyncReg:\GEN_REG:1:reg_inst"
 18. Port Connectivity Checks: "register_file:inst|eightBitAsyncReg:\GEN_REG:0:reg_inst"
 19. Elapsed Time Per Partition
 20. Analysis & Synthesis Messages



----------------
; Legal Notice ;
----------------
Copyright (C) 1991-2013 Altera Corporation
Your use of Altera Corporation's design tools, logic functions 
and other software and tools, and its AMPP partner logic 
functions, and any output files from any of the foregoing 
(including device programming or simulation files), and any 
associated documentation or information are expressly subject 
to the terms and conditions of the Altera Program License 
Subscription Agreement, Altera MegaCore Function License 
Agreement, or other applicable license agreement, including, 
without limitation, that your use is for the sole purpose of 
programming logic devices manufactured by Altera and sold by 
Altera or its authorized distributors.  Please refer to the 
applicable agreement for further details.



+---------------------------------------------------------------------------------+
; Analysis & Synthesis Summary                                                    ;
+------------------------------------+--------------------------------------------+
; Analysis & Synthesis Status        ; Successful - Wed Feb 26 20:29:21 2025      ;
; Quartus II 64-Bit Version          ; 13.1.0 Build 162 10/23/2013 SJ Web Edition ;
; Revision Name                      ; Lab2                                       ;
; Top-level Entity Name              ; testing_reg_file                           ;
; Family                             ; Cyclone IV E                               ;
; Total logic elements               ; 152                                        ;
;     Total combinational functions  ; 152                                        ;
;     Dedicated logic registers      ; 0                                          ;
; Total registers                    ; 0                                          ;
; Total pins                         ; 33                                         ;
; Total virtual pins                 ; 0                                          ;
; Total memory bits                  ; 0                                          ;
; Embedded Multiplier 9-bit elements ; 0                                          ;
; Total PLLs                         ; 0                                          ;
+------------------------------------+--------------------------------------------+


+----------------------------------------------------------------------------------------------------------------------+
; Analysis & Synthesis Settings                                                                                        ;
+----------------------------------------------------------------------------+--------------------+--------------------+
; Option                                                                     ; Setting            ; Default Value      ;
+----------------------------------------------------------------------------+--------------------+--------------------+
; Device                                                                     ; EP4CE115F29C7      ;                    ;
; Top-level entity name                                                      ; testing_reg_file   ; Lab2               ;
; Family name                                                                ; Cyclone IV E       ; Cyclone IV GX      ;
; Use smart compilation                                                      ; Off                ; Off                ;
; Enable parallel Assembler and TimeQuest Timing Analyzer during compilation ; On                 ; On                 ;
; Enable compact report table                                                ; Off                ; Off                ;
; Restructure Multiplexers                                                   ; Auto               ; Auto               ;
; Create Debugging Nodes for IP Cores                                        ; Off                ; Off                ;
; Preserve fewer node names                                                  ; On                 ; On                 ;
; Disable OpenCore Plus hardware evaluation                                  ; Off                ; Off                ;
; Verilog Version                                                            ; Verilog_2001       ; Verilog_2001       ;
; VHDL Version                                                               ; VHDL_1993          ; VHDL_1993          ;
; State Machine Processing                                                   ; Auto               ; Auto               ;
; Safe State Machine                                                         ; Off                ; Off                ;
; Extract Verilog State Machines                                             ; On                 ; On                 ;
; Extract VHDL State Machines                                                ; On                 ; On                 ;
; Ignore Verilog initial constructs                                          ; Off                ; Off                ;
; Iteration limit for constant Verilog loops                                 ; 5000               ; 5000               ;
; Iteration limit for non-constant Verilog loops                             ; 250                ; 250                ;
; Add Pass-Through Logic to Inferred RAMs                                    ; On                 ; On                 ;
; Infer RAMs from Raw Logic                                                  ; On                 ; On                 ;
; Parallel Synthesis                                                         ; On                 ; On                 ;
; DSP Block Balancing                                                        ; Auto               ; Auto               ;
; NOT Gate Push-Back                                                         ; On                 ; On                 ;
; Power-Up Don't Care                                                        ; On                 ; On                 ;
; Remove Redundant Logic Cells                                               ; Off                ; Off                ;
; Remove Duplicate Registers                                                 ; On                 ; On                 ;
; Ignore CARRY Buffers                                                       ; Off                ; Off                ;
; Ignore CASCADE Buffers                                                     ; Off                ; Off                ;
; Ignore GLOBAL Buffers                                                      ; Off                ; Off                ;
; Ignore ROW GLOBAL Buffers                                                  ; Off                ; Off                ;
; Ignore LCELL Buffers                                                       ; Off                ; Off                ;
; Ignore SOFT Buffers                                                        ; On                 ; On                 ;
; Limit AHDL Integers to 32 Bits                                             ; Off                ; Off                ;
; Optimization Technique                                                     ; Balanced           ; Balanced           ;
; Carry Chain Length                                                         ; 70                 ; 70                 ;
; Auto Carry Chains                                                          ; On                 ; On                 ;
; Auto Open-Drain Pins                                                       ; On                 ; On                 ;
; Perform WYSIWYG Primitive Resynthesis                                      ; Off                ; Off                ;
; Auto ROM Replacement                                                       ; On                 ; On                 ;
; Auto RAM Replacement                                                       ; On                 ; On                 ;
; Auto DSP Block Replacement                                                 ; On                 ; On                 ;
; Auto Shift Register Replacement                                            ; Auto               ; Auto               ;
; Allow Shift Register Merging across Hierarchies                            ; Auto               ; Auto               ;
; Auto Clock Enable Replacement                                              ; On                 ; On                 ;
; Strict RAM Replacement                                                     ; Off                ; Off                ;
; Allow Synchronous Control Signals                                          ; On                 ; On                 ;
; Force Use of Synchronous Clear Signals                                     ; Off                ; Off                ;
; Auto RAM Block Balancing                                                   ; On                 ; On                 ;
; Auto RAM to Logic Cell Conversion                                          ; Off                ; Off                ;
; Auto Resource Sharing                                                      ; Off                ; Off                ;
; Allow Any RAM Size For Recognition                                         ; Off                ; Off                ;
; Allow Any ROM Size For Recognition                                         ; Off                ; Off                ;
; Allow Any Shift Register Size For Recognition                              ; Off                ; Off                ;
; Use LogicLock Constraints during Resource Balancing                        ; On                 ; On                 ;
; Ignore translate_off and synthesis_off directives                          ; Off                ; Off                ;
; Timing-Driven Synthesis                                                    ; On                 ; On                 ;
; Report Parameter Settings                                                  ; On                 ; On                 ;
; Report Source Assignments                                                  ; On                 ; On                 ;
; Report Connectivity Checks                                                 ; On                 ; On                 ;
; Ignore Maximum Fan-Out Assignments                                         ; Off                ; Off                ;
; Synchronization Register Chain Length                                      ; 2                  ; 2                  ;
; PowerPlay Power Optimization                                               ; Normal compilation ; Normal compilation ;
; HDL message level                                                          ; Level2             ; Level2             ;
; Suppress Register Optimization Related Messages                            ; Off                ; Off                ;
; Number of Removed Registers Reported in Synthesis Report                   ; 5000               ; 5000               ;
; Number of Swept Nodes Reported in Synthesis Report                         ; 5000               ; 5000               ;
; Number of Inverted Registers Reported in Synthesis Report                  ; 100                ; 100                ;
; Clock MUX Protection                                                       ; On                 ; On                 ;
; Auto Gated Clock Conversion                                                ; Off                ; Off                ;
; Block Design Naming                                                        ; Auto               ; Auto               ;
; SDC constraint protection                                                  ; Off                ; Off                ;
; Synthesis Effort                                                           ; Auto               ; Auto               ;
; Shift Register Replacement - Allow Asynchronous Clear Signal               ; On                 ; On                 ;
; Pre-Mapping Resynthesis Optimization                                       ; Off                ; Off                ;
; Analysis & Synthesis Message Level                                         ; Medium             ; Medium             ;
; Disable Register Merging Across Hierarchies                                ; Auto               ; Auto               ;
; Resource Aware Inference For Block RAM                                     ; On                 ; On                 ;
; Synthesis Seed                                                             ; 1                  ; 1                  ;
+----------------------------------------------------------------------------+--------------------+--------------------+


Parallel compilation was disabled, but you have multiple processors available. Enable parallel compilation to reduce compilation time.
+-------------------------------------+
; Parallel Compilation                ;
+----------------------------+--------+
; Processors                 ; Number ;
+----------------------------+--------+
; Number detected on machine ; 16     ;
; Maximum allowed            ; 1      ;
+----------------------------+--------+


+-----------------------------------------------------------------------------------------------------------------------------------------+
; Analysis & Synthesis Source Files Read                                                                                                  ;
+----------------------------------+-----------------+------------------------------------+-------------------------------------+---------+
; File Name with User-Entered Path ; Used in Netlist ; File Type                          ; File Name with Absolute Path        ; Library ;
+----------------------------------+-----------------+------------------------------------+-------------------------------------+---------+
; eightBitAsyncReg.vhd             ; yes             ; User VHDL File                     ; C:/altera/13.1/eightBitAsyncReg.vhd ;         ;
; decoder3to8.vhd                  ; yes             ; User VHDL File                     ; C:/altera/13.1/decoder3to8.vhd      ;         ;
; register_file.vhd                ; yes             ; User VHDL File                     ; C:/altera/13.1/register_file.vhd    ;         ;
; mux8to1_8bit.vhd                 ; yes             ; User VHDL File                     ; C:/altera/13.1/mux8to1_8bit.vhd     ;         ;
; mux2to1_8bit.vhd                 ; yes             ; User VHDL File                     ; C:/altera/13.1/mux2to1_8bit.vhd     ;         ;
; testing_reg_file.bdf             ; yes             ; User Block Diagram/Schematic File  ; C:/altera/13.1/testing_reg_file.bdf ;         ;
; D_LATCH.vhd                      ; yes             ; User VHDL File                     ; C:/altera/13.1/D_LATCH.vhd          ;         ;
+----------------------------------+-----------------+------------------------------------+-------------------------------------+---------+


+-------------------------------------------------------------------+
; Analysis & Synthesis Resource Usage Summary                       ;
+---------------------------------------------+---------------------+
; Resource                                    ; Usage               ;
+---------------------------------------------+---------------------+
; Estimated Total logic elements              ; 152                 ;
;                                             ;                     ;
; Total combinational functions               ; 152                 ;
; Logic element usage by number of LUT inputs ;                     ;
;     -- 4 input functions                    ; 64                  ;
;     -- 3 input functions                    ; 88                  ;
;     -- <=2 input functions                  ; 0                   ;
;                                             ;                     ;
; Logic elements by mode                      ;                     ;
;     -- normal mode                          ; 152                 ;
;     -- arithmetic mode                      ; 0                   ;
;                                             ;                     ;
; Total registers                             ; 0                   ;
;     -- Dedicated logic registers            ; 0                   ;
;     -- I/O registers                        ; 0                   ;
;                                             ;                     ;
; I/O pins                                    ; 33                  ;
; Embedded Multiplier 9-bit elements          ; 0                   ;
; Maximum fan-out node                        ; Read_reg_1[0]~input ;
; Maximum fan-out                             ; 24                  ;
; Total fan-out                               ; 569                 ;
; Average fan-out                             ; 2.61                ;
+---------------------------------------------+---------------------+


+-------------------------------------------------------------------------------------------------------------------------------------------------------------------------------------------------------------------------------------------------------------------+
; Analysis & Synthesis Resource Utilization by Entity                                                                                                                                                                                                               ;
+----------------------------------------------+-------------------+--------------+-------------+--------------+---------+-----------+------+--------------+-----------------------------------------------------------------------------------------+--------------+
; Compilation Hierarchy Node                   ; LC Combinationals ; LC Registers ; Memory Bits ; DSP Elements ; DSP 9x9 ; DSP 18x18 ; Pins ; Virtual Pins ; Full Hierarchy Name                                                                     ; Library Name ;
+----------------------------------------------+-------------------+--------------+-------------+--------------+---------+-----------+------+--------------+-----------------------------------------------------------------------------------------+--------------+
; |testing_reg_file                            ; 152 (0)           ; 0 (0)        ; 0           ; 0            ; 0       ; 0         ; 33   ; 0            ; |testing_reg_file                                                                       ; work         ;
;    |register_file:inst|                      ; 152 (0)           ; 0 (0)        ; 0           ; 0            ; 0       ; 0         ; 0    ; 0            ; |testing_reg_file|register_file:inst                                                    ; work         ;
;       |decoder3to8:dec_inst|                 ; 8 (8)             ; 0 (0)        ; 0           ; 0            ; 0       ; 0         ; 0    ; 0            ; |testing_reg_file|register_file:inst|decoder3to8:dec_inst                               ; work         ;
;       |eightBitAsyncReg:\GEN_REG:0:reg_inst| ; 8 (0)             ; 0 (0)        ; 0           ; 0            ; 0       ; 0         ; 0    ; 0            ; |testing_reg_file|register_file:inst|eightBitAsyncReg:\GEN_REG:0:reg_inst               ; work         ;
;          |D_LATCH:REG0|                      ; 1 (1)             ; 0 (0)        ; 0           ; 0            ; 0       ; 0         ; 0    ; 0            ; |testing_reg_file|register_file:inst|eightBitAsyncReg:\GEN_REG:0:reg_inst|D_LATCH:REG0  ; work         ;
;          |D_LATCH:REG1|                      ; 1 (1)             ; 0 (0)        ; 0           ; 0            ; 0       ; 0         ; 0    ; 0            ; |testing_reg_file|register_file:inst|eightBitAsyncReg:\GEN_REG:0:reg_inst|D_LATCH:REG1  ; work         ;
;          |D_LATCH:REG2|                      ; 1 (1)             ; 0 (0)        ; 0           ; 0            ; 0       ; 0         ; 0    ; 0            ; |testing_reg_file|register_file:inst|eightBitAsyncReg:\GEN_REG:0:reg_inst|D_LATCH:REG2  ; work         ;
;          |D_LATCH:REG3|                      ; 1 (1)             ; 0 (0)        ; 0           ; 0            ; 0       ; 0         ; 0    ; 0            ; |testing_reg_file|register_file:inst|eightBitAsyncReg:\GEN_REG:0:reg_inst|D_LATCH:REG3  ; work         ;
;          |D_LATCH:REG4|                      ; 1 (1)             ; 0 (0)        ; 0           ; 0            ; 0       ; 0         ; 0    ; 0            ; |testing_reg_file|register_file:inst|eightBitAsyncReg:\GEN_REG:0:reg_inst|D_LATCH:REG4  ; work         ;
;          |D_LATCH:REG5|                      ; 1 (1)             ; 0 (0)        ; 0           ; 0            ; 0       ; 0         ; 0    ; 0            ; |testing_reg_file|register_file:inst|eightBitAsyncReg:\GEN_REG:0:reg_inst|D_LATCH:REG5  ; work         ;
;          |D_LATCH:REG6|                      ; 1 (1)             ; 0 (0)        ; 0           ; 0            ; 0       ; 0         ; 0    ; 0            ; |testing_reg_file|register_file:inst|eightBitAsyncReg:\GEN_REG:0:reg_inst|D_LATCH:REG6  ; work         ;
;          |D_LATCH:REG7|                      ; 1 (1)             ; 0 (0)        ; 0           ; 0            ; 0       ; 0         ; 0    ; 0            ; |testing_reg_file|register_file:inst|eightBitAsyncReg:\GEN_REG:0:reg_inst|D_LATCH:REG7  ; work         ;
;       |eightBitAsyncReg:\GEN_REG:1:reg_inst| ; 8 (0)             ; 0 (0)        ; 0           ; 0            ; 0       ; 0         ; 0    ; 0            ; |testing_reg_file|register_file:inst|eightBitAsyncReg:\GEN_REG:1:reg_inst               ; work         ;
;          |D_LATCH:REG0|                      ; 1 (1)             ; 0 (0)        ; 0           ; 0            ; 0       ; 0         ; 0    ; 0            ; |testing_reg_file|register_file:inst|eightBitAsyncReg:\GEN_REG:1:reg_inst|D_LATCH:REG0  ; work         ;
;          |D_LATCH:REG1|                      ; 1 (1)             ; 0 (0)        ; 0           ; 0            ; 0       ; 0         ; 0    ; 0            ; |testing_reg_file|register_file:inst|eightBitAsyncReg:\GEN_REG:1:reg_inst|D_LATCH:REG1  ; work         ;
;          |D_LATCH:REG2|                      ; 1 (1)             ; 0 (0)        ; 0           ; 0            ; 0       ; 0         ; 0    ; 0            ; |testing_reg_file|register_file:inst|eightBitAsyncReg:\GEN_REG:1:reg_inst|D_LATCH:REG2  ; work         ;
;          |D_LATCH:REG3|                      ; 1 (1)             ; 0 (0)        ; 0           ; 0            ; 0       ; 0         ; 0    ; 0            ; |testing_reg_file|register_file:inst|eightBitAsyncReg:\GEN_REG:1:reg_inst|D_LATCH:REG3  ; work         ;
;          |D_LATCH:REG4|                      ; 1 (1)             ; 0 (0)        ; 0           ; 0            ; 0       ; 0         ; 0    ; 0            ; |testing_reg_file|register_file:inst|eightBitAsyncReg:\GEN_REG:1:reg_inst|D_LATCH:REG4  ; work         ;
;          |D_LATCH:REG5|                      ; 1 (1)             ; 0 (0)        ; 0           ; 0            ; 0       ; 0         ; 0    ; 0            ; |testing_reg_file|register_file:inst|eightBitAsyncReg:\GEN_REG:1:reg_inst|D_LATCH:REG5  ; work         ;
;          |D_LATCH:REG6|                      ; 1 (1)             ; 0 (0)        ; 0           ; 0            ; 0       ; 0         ; 0    ; 0            ; |testing_reg_file|register_file:inst|eightBitAsyncReg:\GEN_REG:1:reg_inst|D_LATCH:REG6  ; work         ;
;          |D_LATCH:REG7|                      ; 1 (1)             ; 0 (0)        ; 0           ; 0            ; 0       ; 0         ; 0    ; 0            ; |testing_reg_file|register_file:inst|eightBitAsyncReg:\GEN_REG:1:reg_inst|D_LATCH:REG7  ; work         ;
;       |eightBitAsyncReg:\GEN_REG:2:reg_inst| ; 8 (0)             ; 0 (0)        ; 0           ; 0            ; 0       ; 0         ; 0    ; 0            ; |testing_reg_file|register_file:inst|eightBitAsyncReg:\GEN_REG:2:reg_inst               ; work         ;
;          |D_LATCH:REG0|                      ; 1 (1)             ; 0 (0)        ; 0           ; 0            ; 0       ; 0         ; 0    ; 0            ; |testing_reg_file|register_file:inst|eightBitAsyncReg:\GEN_REG:2:reg_inst|D_LATCH:REG0  ; work         ;
;          |D_LATCH:REG1|                      ; 1 (1)             ; 0 (0)        ; 0           ; 0            ; 0       ; 0         ; 0    ; 0            ; |testing_reg_file|register_file:inst|eightBitAsyncReg:\GEN_REG:2:reg_inst|D_LATCH:REG1  ; work         ;
;          |D_LATCH:REG2|                      ; 1 (1)             ; 0 (0)        ; 0           ; 0            ; 0       ; 0         ; 0    ; 0            ; |testing_reg_file|register_file:inst|eightBitAsyncReg:\GEN_REG:2:reg_inst|D_LATCH:REG2  ; work         ;
;          |D_LATCH:REG3|                      ; 1 (1)             ; 0 (0)        ; 0           ; 0            ; 0       ; 0         ; 0    ; 0            ; |testing_reg_file|register_file:inst|eightBitAsyncReg:\GEN_REG:2:reg_inst|D_LATCH:REG3  ; work         ;
;          |D_LATCH:REG4|                      ; 1 (1)             ; 0 (0)        ; 0           ; 0            ; 0       ; 0         ; 0    ; 0            ; |testing_reg_file|register_file:inst|eightBitAsyncReg:\GEN_REG:2:reg_inst|D_LATCH:REG4  ; work         ;
;          |D_LATCH:REG5|                      ; 1 (1)             ; 0 (0)        ; 0           ; 0            ; 0       ; 0         ; 0    ; 0            ; |testing_reg_file|register_file:inst|eightBitAsyncReg:\GEN_REG:2:reg_inst|D_LATCH:REG5  ; work         ;
;          |D_LATCH:REG6|                      ; 1 (1)             ; 0 (0)        ; 0           ; 0            ; 0       ; 0         ; 0    ; 0            ; |testing_reg_file|register_file:inst|eightBitAsyncReg:\GEN_REG:2:reg_inst|D_LATCH:REG6  ; work         ;
;          |D_LATCH:REG7|                      ; 1 (1)             ; 0 (0)        ; 0           ; 0            ; 0       ; 0         ; 0    ; 0            ; |testing_reg_file|register_file:inst|eightBitAsyncReg:\GEN_REG:2:reg_inst|D_LATCH:REG7  ; work         ;
;       |eightBitAsyncReg:\GEN_REG:3:reg_inst| ; 8 (0)             ; 0 (0)        ; 0           ; 0            ; 0       ; 0         ; 0    ; 0            ; |testing_reg_file|register_file:inst|eightBitAsyncReg:\GEN_REG:3:reg_inst               ; work         ;
;          |D_LATCH:REG0|                      ; 1 (1)             ; 0 (0)        ; 0           ; 0            ; 0       ; 0         ; 0    ; 0            ; |testing_reg_file|register_file:inst|eightBitAsyncReg:\GEN_REG:3:reg_inst|D_LATCH:REG0  ; work         ;
;          |D_LATCH:REG1|                      ; 1 (1)             ; 0 (0)        ; 0           ; 0            ; 0       ; 0         ; 0    ; 0            ; |testing_reg_file|register_file:inst|eightBitAsyncReg:\GEN_REG:3:reg_inst|D_LATCH:REG1  ; work         ;
;          |D_LATCH:REG2|                      ; 1 (1)             ; 0 (0)        ; 0           ; 0            ; 0       ; 0         ; 0    ; 0            ; |testing_reg_file|register_file:inst|eightBitAsyncReg:\GEN_REG:3:reg_inst|D_LATCH:REG2  ; work         ;
;          |D_LATCH:REG3|                      ; 1 (1)             ; 0 (0)        ; 0           ; 0            ; 0       ; 0         ; 0    ; 0            ; |testing_reg_file|register_file:inst|eightBitAsyncReg:\GEN_REG:3:reg_inst|D_LATCH:REG3  ; work         ;
;          |D_LATCH:REG4|                      ; 1 (1)             ; 0 (0)        ; 0           ; 0            ; 0       ; 0         ; 0    ; 0            ; |testing_reg_file|register_file:inst|eightBitAsyncReg:\GEN_REG:3:reg_inst|D_LATCH:REG4  ; work         ;
;          |D_LATCH:REG5|                      ; 1 (1)             ; 0 (0)        ; 0           ; 0            ; 0       ; 0         ; 0    ; 0            ; |testing_reg_file|register_file:inst|eightBitAsyncReg:\GEN_REG:3:reg_inst|D_LATCH:REG5  ; work         ;
;          |D_LATCH:REG6|                      ; 1 (1)             ; 0 (0)        ; 0           ; 0            ; 0       ; 0         ; 0    ; 0            ; |testing_reg_file|register_file:inst|eightBitAsyncReg:\GEN_REG:3:reg_inst|D_LATCH:REG6  ; work         ;
;          |D_LATCH:REG7|                      ; 1 (1)             ; 0 (0)        ; 0           ; 0            ; 0       ; 0         ; 0    ; 0            ; |testing_reg_file|register_file:inst|eightBitAsyncReg:\GEN_REG:3:reg_inst|D_LATCH:REG7  ; work         ;
;       |eightBitAsyncReg:\GEN_REG:4:reg_inst| ; 8 (0)             ; 0 (0)        ; 0           ; 0            ; 0       ; 0         ; 0    ; 0            ; |testing_reg_file|register_file:inst|eightBitAsyncReg:\GEN_REG:4:reg_inst               ; work         ;
;          |D_LATCH:REG0|                      ; 1 (1)             ; 0 (0)        ; 0           ; 0            ; 0       ; 0         ; 0    ; 0            ; |testing_reg_file|register_file:inst|eightBitAsyncReg:\GEN_REG:4:reg_inst|D_LATCH:REG0  ; work         ;
;          |D_LATCH:REG1|                      ; 1 (1)             ; 0 (0)        ; 0           ; 0            ; 0       ; 0         ; 0    ; 0            ; |testing_reg_file|register_file:inst|eightBitAsyncReg:\GEN_REG:4:reg_inst|D_LATCH:REG1  ; work         ;
;          |D_LATCH:REG2|                      ; 1 (1)             ; 0 (0)        ; 0           ; 0            ; 0       ; 0         ; 0    ; 0            ; |testing_reg_file|register_file:inst|eightBitAsyncReg:\GEN_REG:4:reg_inst|D_LATCH:REG2  ; work         ;
;          |D_LATCH:REG3|                      ; 1 (1)             ; 0 (0)        ; 0           ; 0            ; 0       ; 0         ; 0    ; 0            ; |testing_reg_file|register_file:inst|eightBitAsyncReg:\GEN_REG:4:reg_inst|D_LATCH:REG3  ; work         ;
;          |D_LATCH:REG4|                      ; 1 (1)             ; 0 (0)        ; 0           ; 0            ; 0       ; 0         ; 0    ; 0            ; |testing_reg_file|register_file:inst|eightBitAsyncReg:\GEN_REG:4:reg_inst|D_LATCH:REG4  ; work         ;
;          |D_LATCH:REG5|                      ; 1 (1)             ; 0 (0)        ; 0           ; 0            ; 0       ; 0         ; 0    ; 0            ; |testing_reg_file|register_file:inst|eightBitAsyncReg:\GEN_REG:4:reg_inst|D_LATCH:REG5  ; work         ;
;          |D_LATCH:REG6|                      ; 1 (1)             ; 0 (0)        ; 0           ; 0            ; 0       ; 0         ; 0    ; 0            ; |testing_reg_file|register_file:inst|eightBitAsyncReg:\GEN_REG:4:reg_inst|D_LATCH:REG6  ; work         ;
;          |D_LATCH:REG7|                      ; 1 (1)             ; 0 (0)        ; 0           ; 0            ; 0       ; 0         ; 0    ; 0            ; |testing_reg_file|register_file:inst|eightBitAsyncReg:\GEN_REG:4:reg_inst|D_LATCH:REG7  ; work         ;
;       |eightBitAsyncReg:\GEN_REG:5:reg_inst| ; 8 (0)             ; 0 (0)        ; 0           ; 0            ; 0       ; 0         ; 0    ; 0            ; |testing_reg_file|register_file:inst|eightBitAsyncReg:\GEN_REG:5:reg_inst               ; work         ;
;          |D_LATCH:REG0|                      ; 1 (1)             ; 0 (0)        ; 0           ; 0            ; 0       ; 0         ; 0    ; 0            ; |testing_reg_file|register_file:inst|eightBitAsyncReg:\GEN_REG:5:reg_inst|D_LATCH:REG0  ; work         ;
;          |D_LATCH:REG1|                      ; 1 (1)             ; 0 (0)        ; 0           ; 0            ; 0       ; 0         ; 0    ; 0            ; |testing_reg_file|register_file:inst|eightBitAsyncReg:\GEN_REG:5:reg_inst|D_LATCH:REG1  ; work         ;
;          |D_LATCH:REG2|                      ; 1 (1)             ; 0 (0)        ; 0           ; 0            ; 0       ; 0         ; 0    ; 0            ; |testing_reg_file|register_file:inst|eightBitAsyncReg:\GEN_REG:5:reg_inst|D_LATCH:REG2  ; work         ;
;          |D_LATCH:REG3|                      ; 1 (1)             ; 0 (0)        ; 0           ; 0            ; 0       ; 0         ; 0    ; 0            ; |testing_reg_file|register_file:inst|eightBitAsyncReg:\GEN_REG:5:reg_inst|D_LATCH:REG3  ; work         ;
;          |D_LATCH:REG4|                      ; 1 (1)             ; 0 (0)        ; 0           ; 0            ; 0       ; 0         ; 0    ; 0            ; |testing_reg_file|register_file:inst|eightBitAsyncReg:\GEN_REG:5:reg_inst|D_LATCH:REG4  ; work         ;
;          |D_LATCH:REG5|                      ; 1 (1)             ; 0 (0)        ; 0           ; 0            ; 0       ; 0         ; 0    ; 0            ; |testing_reg_file|register_file:inst|eightBitAsyncReg:\GEN_REG:5:reg_inst|D_LATCH:REG5  ; work         ;
;          |D_LATCH:REG6|                      ; 1 (1)             ; 0 (0)        ; 0           ; 0            ; 0       ; 0         ; 0    ; 0            ; |testing_reg_file|register_file:inst|eightBitAsyncReg:\GEN_REG:5:reg_inst|D_LATCH:REG6  ; work         ;
;          |D_LATCH:REG7|                      ; 1 (1)             ; 0 (0)        ; 0           ; 0            ; 0       ; 0         ; 0    ; 0            ; |testing_reg_file|register_file:inst|eightBitAsyncReg:\GEN_REG:5:reg_inst|D_LATCH:REG7  ; work         ;
;       |eightBitAsyncReg:\GEN_REG:6:reg_inst| ; 8 (0)             ; 0 (0)        ; 0           ; 0            ; 0       ; 0         ; 0    ; 0            ; |testing_reg_file|register_file:inst|eightBitAsyncReg:\GEN_REG:6:reg_inst               ; work         ;
;          |D_LATCH:REG0|                      ; 1 (1)             ; 0 (0)        ; 0           ; 0            ; 0       ; 0         ; 0    ; 0            ; |testing_reg_file|register_file:inst|eightBitAsyncReg:\GEN_REG:6:reg_inst|D_LATCH:REG0  ; work         ;
;          |D_LATCH:REG1|                      ; 1 (1)             ; 0 (0)        ; 0           ; 0            ; 0       ; 0         ; 0    ; 0            ; |testing_reg_file|register_file:inst|eightBitAsyncReg:\GEN_REG:6:reg_inst|D_LATCH:REG1  ; work         ;
;          |D_LATCH:REG2|                      ; 1 (1)             ; 0 (0)        ; 0           ; 0            ; 0       ; 0         ; 0    ; 0            ; |testing_reg_file|register_file:inst|eightBitAsyncReg:\GEN_REG:6:reg_inst|D_LATCH:REG2  ; work         ;
;          |D_LATCH:REG3|                      ; 1 (1)             ; 0 (0)        ; 0           ; 0            ; 0       ; 0         ; 0    ; 0            ; |testing_reg_file|register_file:inst|eightBitAsyncReg:\GEN_REG:6:reg_inst|D_LATCH:REG3  ; work         ;
;          |D_LATCH:REG4|                      ; 1 (1)             ; 0 (0)        ; 0           ; 0            ; 0       ; 0         ; 0    ; 0            ; |testing_reg_file|register_file:inst|eightBitAsyncReg:\GEN_REG:6:reg_inst|D_LATCH:REG4  ; work         ;
;          |D_LATCH:REG5|                      ; 1 (1)             ; 0 (0)        ; 0           ; 0            ; 0       ; 0         ; 0    ; 0            ; |testing_reg_file|register_file:inst|eightBitAsyncReg:\GEN_REG:6:reg_inst|D_LATCH:REG5  ; work         ;
;          |D_LATCH:REG6|                      ; 1 (1)             ; 0 (0)        ; 0           ; 0            ; 0       ; 0         ; 0    ; 0            ; |testing_reg_file|register_file:inst|eightBitAsyncReg:\GEN_REG:6:reg_inst|D_LATCH:REG6  ; work         ;
;          |D_LATCH:REG7|                      ; 1 (1)             ; 0 (0)        ; 0           ; 0            ; 0       ; 0         ; 0    ; 0            ; |testing_reg_file|register_file:inst|eightBitAsyncReg:\GEN_REG:6:reg_inst|D_LATCH:REG7  ; work         ;
;       |eightBitAsyncReg:\GEN_REG:7:reg_inst| ; 8 (0)             ; 0 (0)        ; 0           ; 0            ; 0       ; 0         ; 0    ; 0            ; |testing_reg_file|register_file:inst|eightBitAsyncReg:\GEN_REG:7:reg_inst               ; work         ;
;          |D_LATCH:REG0|                      ; 1 (1)             ; 0 (0)        ; 0           ; 0            ; 0       ; 0         ; 0    ; 0            ; |testing_reg_file|register_file:inst|eightBitAsyncReg:\GEN_REG:7:reg_inst|D_LATCH:REG0  ; work         ;
;          |D_LATCH:REG1|                      ; 1 (1)             ; 0 (0)        ; 0           ; 0            ; 0       ; 0         ; 0    ; 0            ; |testing_reg_file|register_file:inst|eightBitAsyncReg:\GEN_REG:7:reg_inst|D_LATCH:REG1  ; work         ;
;          |D_LATCH:REG2|                      ; 1 (1)             ; 0 (0)        ; 0           ; 0            ; 0       ; 0         ; 0    ; 0            ; |testing_reg_file|register_file:inst|eightBitAsyncReg:\GEN_REG:7:reg_inst|D_LATCH:REG2  ; work         ;
;          |D_LATCH:REG3|                      ; 1 (1)             ; 0 (0)        ; 0           ; 0            ; 0       ; 0         ; 0    ; 0            ; |testing_reg_file|register_file:inst|eightBitAsyncReg:\GEN_REG:7:reg_inst|D_LATCH:REG3  ; work         ;
;          |D_LATCH:REG4|                      ; 1 (1)             ; 0 (0)        ; 0           ; 0            ; 0       ; 0         ; 0    ; 0            ; |testing_reg_file|register_file:inst|eightBitAsyncReg:\GEN_REG:7:reg_inst|D_LATCH:REG4  ; work         ;
;          |D_LATCH:REG5|                      ; 1 (1)             ; 0 (0)        ; 0           ; 0            ; 0       ; 0         ; 0    ; 0            ; |testing_reg_file|register_file:inst|eightBitAsyncReg:\GEN_REG:7:reg_inst|D_LATCH:REG5  ; work         ;
;          |D_LATCH:REG6|                      ; 1 (1)             ; 0 (0)        ; 0           ; 0            ; 0       ; 0         ; 0    ; 0            ; |testing_reg_file|register_file:inst|eightBitAsyncReg:\GEN_REG:7:reg_inst|D_LATCH:REG6  ; work         ;
;          |D_LATCH:REG7|                      ; 1 (1)             ; 0 (0)        ; 0           ; 0            ; 0       ; 0         ; 0    ; 0            ; |testing_reg_file|register_file:inst|eightBitAsyncReg:\GEN_REG:7:reg_inst|D_LATCH:REG7  ; work         ;
;       |mux8to1_8bit:mux_read1|               ; 40 (0)            ; 0 (0)        ; 0           ; 0            ; 0       ; 0         ; 0    ; 0            ; |testing_reg_file|register_file:inst|mux8to1_8bit:mux_read1                             ; work         ;
;          |mux2to1_8bit:mux_final_inst|       ; 40 (40)           ; 0 (0)        ; 0           ; 0            ; 0       ; 0         ; 0    ; 0            ; |testing_reg_file|register_file:inst|mux8to1_8bit:mux_read1|mux2to1_8bit:mux_final_inst ; work         ;
;       |mux8to1_8bit:mux_read2|               ; 40 (0)            ; 0 (0)        ; 0           ; 0            ; 0       ; 0         ; 0    ; 0            ; |testing_reg_file|register_file:inst|mux8to1_8bit:mux_read2                             ; work         ;
;          |mux2to1_8bit:mux_final_inst|       ; 40 (40)           ; 0 (0)        ; 0           ; 0            ; 0       ; 0         ; 0    ; 0            ; |testing_reg_file|register_file:inst|mux8to1_8bit:mux_read2|mux2to1_8bit:mux_final_inst ; work         ;
+----------------------------------------------+-------------------+--------------+-------------+--------------+---------+-----------+------+--------------+-----------------------------------------------------------------------------------------+--------------+
Note: For table entries with two numbers listed, the numbers in parentheses indicate the number of resources of the given type used by the specific entity alone. The numbers listed outside of parentheses indicate the total resources of the given type used by the specific entity and all of its sub-entities in the hierarchy.


+---------------------------------------------------------------------------------+
; Logic Cells Representing Combinational Loops                                    ;
+----------------------------------------------------------------------------+----+
; Logic Cell Name                                                            ;    ;
+----------------------------------------------------------------------------+----+
; register_file:inst|eightBitAsyncReg:\GEN_REG:2:reg_inst|D_LATCH:REG7|o_q~0 ;    ;
; register_file:inst|eightBitAsyncReg:\GEN_REG:1:reg_inst|D_LATCH:REG7|o_q~0 ;    ;
; register_file:inst|eightBitAsyncReg:\GEN_REG:0:reg_inst|D_LATCH:REG7|o_q~0 ;    ;
; register_file:inst|eightBitAsyncReg:\GEN_REG:3:reg_inst|D_LATCH:REG7|o_q~0 ;    ;
; register_file:inst|eightBitAsyncReg:\GEN_REG:5:reg_inst|D_LATCH:REG7|o_q~0 ;    ;
; register_file:inst|eightBitAsyncReg:\GEN_REG:6:reg_inst|D_LATCH:REG7|o_q~0 ;    ;
; register_file:inst|eightBitAsyncReg:\GEN_REG:4:reg_inst|D_LATCH:REG7|o_q~0 ;    ;
; register_file:inst|eightBitAsyncReg:\GEN_REG:7:reg_inst|D_LATCH:REG7|o_q~0 ;    ;
; register_file:inst|eightBitAsyncReg:\GEN_REG:2:reg_inst|D_LATCH:REG6|o_q~0 ;    ;
; register_file:inst|eightBitAsyncReg:\GEN_REG:1:reg_inst|D_LATCH:REG6|o_q~0 ;    ;
; register_file:inst|eightBitAsyncReg:\GEN_REG:0:reg_inst|D_LATCH:REG6|o_q~0 ;    ;
; register_file:inst|eightBitAsyncReg:\GEN_REG:3:reg_inst|D_LATCH:REG6|o_q~0 ;    ;
; register_file:inst|eightBitAsyncReg:\GEN_REG:5:reg_inst|D_LATCH:REG6|o_q~0 ;    ;
; register_file:inst|eightBitAsyncReg:\GEN_REG:6:reg_inst|D_LATCH:REG6|o_q~0 ;    ;
; register_file:inst|eightBitAsyncReg:\GEN_REG:4:reg_inst|D_LATCH:REG6|o_q~0 ;    ;
; register_file:inst|eightBitAsyncReg:\GEN_REG:7:reg_inst|D_LATCH:REG6|o_q~0 ;    ;
; register_file:inst|eightBitAsyncReg:\GEN_REG:2:reg_inst|D_LATCH:REG5|o_q~0 ;    ;
; register_file:inst|eightBitAsyncReg:\GEN_REG:1:reg_inst|D_LATCH:REG5|o_q~0 ;    ;
; register_file:inst|eightBitAsyncReg:\GEN_REG:0:reg_inst|D_LATCH:REG5|o_q~0 ;    ;
; register_file:inst|eightBitAsyncReg:\GEN_REG:3:reg_inst|D_LATCH:REG5|o_q~0 ;    ;
; register_file:inst|eightBitAsyncReg:\GEN_REG:5:reg_inst|D_LATCH:REG5|o_q~0 ;    ;
; register_file:inst|eightBitAsyncReg:\GEN_REG:6:reg_inst|D_LATCH:REG5|o_q~0 ;    ;
; register_file:inst|eightBitAsyncReg:\GEN_REG:4:reg_inst|D_LATCH:REG5|o_q~0 ;    ;
; register_file:inst|eightBitAsyncReg:\GEN_REG:7:reg_inst|D_LATCH:REG5|o_q~0 ;    ;
; register_file:inst|eightBitAsyncReg:\GEN_REG:2:reg_inst|D_LATCH:REG4|o_q~0 ;    ;
; register_file:inst|eightBitAsyncReg:\GEN_REG:1:reg_inst|D_LATCH:REG4|o_q~0 ;    ;
; register_file:inst|eightBitAsyncReg:\GEN_REG:0:reg_inst|D_LATCH:REG4|o_q~0 ;    ;
; register_file:inst|eightBitAsyncReg:\GEN_REG:3:reg_inst|D_LATCH:REG4|o_q~0 ;    ;
; register_file:inst|eightBitAsyncReg:\GEN_REG:5:reg_inst|D_LATCH:REG4|o_q~0 ;    ;
; register_file:inst|eightBitAsyncReg:\GEN_REG:6:reg_inst|D_LATCH:REG4|o_q~0 ;    ;
; register_file:inst|eightBitAsyncReg:\GEN_REG:4:reg_inst|D_LATCH:REG4|o_q~0 ;    ;
; register_file:inst|eightBitAsyncReg:\GEN_REG:7:reg_inst|D_LATCH:REG4|o_q~0 ;    ;
; register_file:inst|eightBitAsyncReg:\GEN_REG:2:reg_inst|D_LATCH:REG3|o_q~0 ;    ;
; register_file:inst|eightBitAsyncReg:\GEN_REG:1:reg_inst|D_LATCH:REG3|o_q~0 ;    ;
; register_file:inst|eightBitAsyncReg:\GEN_REG:0:reg_inst|D_LATCH:REG3|o_q~0 ;    ;
; register_file:inst|eightBitAsyncReg:\GEN_REG:3:reg_inst|D_LATCH:REG3|o_q~0 ;    ;
; register_file:inst|eightBitAsyncReg:\GEN_REG:5:reg_inst|D_LATCH:REG3|o_q~0 ;    ;
; register_file:inst|eightBitAsyncReg:\GEN_REG:6:reg_inst|D_LATCH:REG3|o_q~0 ;    ;
; register_file:inst|eightBitAsyncReg:\GEN_REG:4:reg_inst|D_LATCH:REG3|o_q~0 ;    ;
; register_file:inst|eightBitAsyncReg:\GEN_REG:7:reg_inst|D_LATCH:REG3|o_q~0 ;    ;
; register_file:inst|eightBitAsyncReg:\GEN_REG:2:reg_inst|D_LATCH:REG2|o_q~0 ;    ;
; register_file:inst|eightBitAsyncReg:\GEN_REG:1:reg_inst|D_LATCH:REG2|o_q~0 ;    ;
; register_file:inst|eightBitAsyncReg:\GEN_REG:0:reg_inst|D_LATCH:REG2|o_q~0 ;    ;
; register_file:inst|eightBitAsyncReg:\GEN_REG:3:reg_inst|D_LATCH:REG2|o_q~0 ;    ;
; register_file:inst|eightBitAsyncReg:\GEN_REG:5:reg_inst|D_LATCH:REG2|o_q~0 ;    ;
; register_file:inst|eightBitAsyncReg:\GEN_REG:6:reg_inst|D_LATCH:REG2|o_q~0 ;    ;
; register_file:inst|eightBitAsyncReg:\GEN_REG:4:reg_inst|D_LATCH:REG2|o_q~0 ;    ;
; register_file:inst|eightBitAsyncReg:\GEN_REG:7:reg_inst|D_LATCH:REG2|o_q~0 ;    ;
; register_file:inst|eightBitAsyncReg:\GEN_REG:2:reg_inst|D_LATCH:REG1|o_q~0 ;    ;
; register_file:inst|eightBitAsyncReg:\GEN_REG:1:reg_inst|D_LATCH:REG1|o_q~0 ;    ;
; register_file:inst|eightBitAsyncReg:\GEN_REG:0:reg_inst|D_LATCH:REG1|o_q~0 ;    ;
; register_file:inst|eightBitAsyncReg:\GEN_REG:3:reg_inst|D_LATCH:REG1|o_q~0 ;    ;
; register_file:inst|eightBitAsyncReg:\GEN_REG:5:reg_inst|D_LATCH:REG1|o_q~0 ;    ;
; register_file:inst|eightBitAsyncReg:\GEN_REG:6:reg_inst|D_LATCH:REG1|o_q~0 ;    ;
; register_file:inst|eightBitAsyncReg:\GEN_REG:4:reg_inst|D_LATCH:REG1|o_q~0 ;    ;
; register_file:inst|eightBitAsyncReg:\GEN_REG:7:reg_inst|D_LATCH:REG1|o_q~0 ;    ;
; register_file:inst|eightBitAsyncReg:\GEN_REG:2:reg_inst|D_LATCH:REG0|o_q~0 ;    ;
; register_file:inst|eightBitAsyncReg:\GEN_REG:1:reg_inst|D_LATCH:REG0|o_q~0 ;    ;
; register_file:inst|eightBitAsyncReg:\GEN_REG:0:reg_inst|D_LATCH:REG0|o_q~0 ;    ;
; register_file:inst|eightBitAsyncReg:\GEN_REG:3:reg_inst|D_LATCH:REG0|o_q~0 ;    ;
; register_file:inst|eightBitAsyncReg:\GEN_REG:5:reg_inst|D_LATCH:REG0|o_q~0 ;    ;
; register_file:inst|eightBitAsyncReg:\GEN_REG:6:reg_inst|D_LATCH:REG0|o_q~0 ;    ;
; register_file:inst|eightBitAsyncReg:\GEN_REG:4:reg_inst|D_LATCH:REG0|o_q~0 ;    ;
; register_file:inst|eightBitAsyncReg:\GEN_REG:7:reg_inst|D_LATCH:REG0|o_q~0 ;    ;
; Number of logic cells representing combinational loops                     ; 64 ;
+----------------------------------------------------------------------------+----+
Note: All cells listed above may not be present at the end of synthesis due to various synthesis optimizations.


+------------------------------------------------------+
; General Register Statistics                          ;
+----------------------------------------------+-------+
; Statistic                                    ; Value ;
+----------------------------------------------+-------+
; Total registers                              ; 0     ;
; Number of registers using Synchronous Clear  ; 0     ;
; Number of registers using Synchronous Load   ; 0     ;
; Number of registers using Asynchronous Clear ; 0     ;
; Number of registers using Asynchronous Load  ; 0     ;
; Number of registers using Clock Enable       ; 0     ;
; Number of registers using Preset             ; 0     ;
+----------------------------------------------+-------+


+-----------------------------------------------------------------------------------------------------------------------------------------------------------------------------------------------------------------+
; Multiplexer Restructuring Statistics (Restructuring Performed)                                                                                                                                                  ;
+--------------------+-----------+---------------+----------------------+------------------------+------------+---------------------------------------------------------------------------------------------------+
; Multiplexer Inputs ; Bus Width ; Baseline Area ; Area if Restructured ; Saving if Restructured ; Registered ; Example Multiplexer Output                                                                        ;
+--------------------+-----------+---------------+----------------------+------------------------+------------+---------------------------------------------------------------------------------------------------+
; 8:1                ; 8 bits    ; 40 LEs        ; 40 LEs               ; 0 LEs                  ; No         ; |testing_reg_file|register_file:inst|mux8to1_8bit:mux_read1|mux2to1_8bit:mux_final_inst|o_data[7] ;
; 8:1                ; 8 bits    ; 40 LEs        ; 40 LEs               ; 0 LEs                  ; No         ; |testing_reg_file|register_file:inst|mux8to1_8bit:mux_read2|mux2to1_8bit:mux_final_inst|o_data[7] ;
+--------------------+-----------+---------------+----------------------+------------------------+------------+---------------------------------------------------------------------------------------------------+


+------------------------------------------------------------------------------------------------------------------+
; Port Connectivity Checks: "register_file:inst|eightBitAsyncReg:\GEN_REG:7:reg_inst"                              ;
+--------+--------+----------+-------------------------------------------------------------------------------------+
; Port   ; Type   ; Severity ; Details                                                                             ;
+--------+--------+----------+-------------------------------------------------------------------------------------+
; o_qbar ; Output ; Info     ; Connected to dangling logic. Logic that only feeds a dangling port will be removed. ;
+--------+--------+----------+-------------------------------------------------------------------------------------+


+------------------------------------------------------------------------------------------------------------------+
; Port Connectivity Checks: "register_file:inst|eightBitAsyncReg:\GEN_REG:6:reg_inst"                              ;
+--------+--------+----------+-------------------------------------------------------------------------------------+
; Port   ; Type   ; Severity ; Details                                                                             ;
+--------+--------+----------+-------------------------------------------------------------------------------------+
; o_qbar ; Output ; Info     ; Connected to dangling logic. Logic that only feeds a dangling port will be removed. ;
+--------+--------+----------+-------------------------------------------------------------------------------------+


+------------------------------------------------------------------------------------------------------------------+
; Port Connectivity Checks: "register_file:inst|eightBitAsyncReg:\GEN_REG:5:reg_inst"                              ;
+--------+--------+----------+-------------------------------------------------------------------------------------+
; Port   ; Type   ; Severity ; Details                                                                             ;
+--------+--------+----------+-------------------------------------------------------------------------------------+
; o_qbar ; Output ; Info     ; Connected to dangling logic. Logic that only feeds a dangling port will be removed. ;
+--------+--------+----------+-------------------------------------------------------------------------------------+


+------------------------------------------------------------------------------------------------------------------+
; Port Connectivity Checks: "register_file:inst|eightBitAsyncReg:\GEN_REG:4:reg_inst"                              ;
+--------+--------+----------+-------------------------------------------------------------------------------------+
; Port   ; Type   ; Severity ; Details                                                                             ;
+--------+--------+----------+-------------------------------------------------------------------------------------+
; o_qbar ; Output ; Info     ; Connected to dangling logic. Logic that only feeds a dangling port will be removed. ;
+--------+--------+----------+-------------------------------------------------------------------------------------+


+------------------------------------------------------------------------------------------------------------------+
; Port Connectivity Checks: "register_file:inst|eightBitAsyncReg:\GEN_REG:3:reg_inst"                              ;
+--------+--------+----------+-------------------------------------------------------------------------------------+
; Port   ; Type   ; Severity ; Details                                                                             ;
+--------+--------+----------+-------------------------------------------------------------------------------------+
; o_qbar ; Output ; Info     ; Connected to dangling logic. Logic that only feeds a dangling port will be removed. ;
+--------+--------+----------+-------------------------------------------------------------------------------------+


+------------------------------------------------------------------------------------------------------------------+
; Port Connectivity Checks: "register_file:inst|eightBitAsyncReg:\GEN_REG:2:reg_inst"                              ;
+--------+--------+----------+-------------------------------------------------------------------------------------+
; Port   ; Type   ; Severity ; Details                                                                             ;
+--------+--------+----------+-------------------------------------------------------------------------------------+
; o_qbar ; Output ; Info     ; Connected to dangling logic. Logic that only feeds a dangling port will be removed. ;
+--------+--------+----------+-------------------------------------------------------------------------------------+


+------------------------------------------------------------------------------------------------------------------+
; Port Connectivity Checks: "register_file:inst|eightBitAsyncReg:\GEN_REG:1:reg_inst"                              ;
+--------+--------+----------+-------------------------------------------------------------------------------------+
; Port   ; Type   ; Severity ; Details                                                                             ;
+--------+--------+----------+-------------------------------------------------------------------------------------+
; o_qbar ; Output ; Info     ; Connected to dangling logic. Logic that only feeds a dangling port will be removed. ;
+--------+--------+----------+-------------------------------------------------------------------------------------+


+------------------------------------------------------------------------------------------------------------------+
; Port Connectivity Checks: "register_file:inst|eightBitAsyncReg:\GEN_REG:0:reg_inst"                              ;
+--------+--------+----------+-------------------------------------------------------------------------------------+
; Port   ; Type   ; Severity ; Details                                                                             ;
+--------+--------+----------+-------------------------------------------------------------------------------------+
; o_qbar ; Output ; Info     ; Connected to dangling logic. Logic that only feeds a dangling port will be removed. ;
+--------+--------+----------+-------------------------------------------------------------------------------------+


+-------------------------------+
; Elapsed Time Per Partition    ;
+----------------+--------------+
; Partition Name ; Elapsed Time ;
+----------------+--------------+
; Top            ; 00:00:00     ;
+----------------+--------------+


+-------------------------------+
; Analysis & Synthesis Messages ;
+-------------------------------+
Info: *******************************************************************
Info: Running Quartus II 64-Bit Analysis & Synthesis
    Info: Version 13.1.0 Build 162 10/23/2013 SJ Web Edition
    Info: Processing started: Wed Feb 26 20:29:20 2025
Info: Command: quartus_map --read_settings_files=on --write_settings_files=off Lab2 -c Lab2
Warning (20028): Parallel compilation is not licensed and has been disabled
Info (12021): Found 1 design units, including 1 entities, in source file lab2.bdf
    Info (12023): Found entity 1: Lab2
Info (12021): Found 2 design units, including 1 entities, in source file eightbitasyncreg.vhd
    Info (12022): Found design unit 1: eightBitAsyncReg-structural
    Info (12023): Found entity 1: eightBitAsyncReg
Info (12021): Found 2 design units, including 1 entities, in source file decoder3to8.vhd
    Info (12022): Found design unit 1: decoder3to8-structural
    Info (12023): Found entity 1: decoder3to8
Info (12021): Found 2 design units, including 1 entities, in source file register_file.vhd
    Info (12022): Found design unit 1: register_file-structural
    Info (12023): Found entity 1: register_file
Info (12021): Found 2 design units, including 1 entities, in source file mux8to1_8bit.vhd
    Info (12022): Found design unit 1: mux8to1_8bit-struct
    Info (12023): Found entity 1: mux8to1_8bit
Info (12021): Found 2 design units, including 1 entities, in source file mux2to1_8bit.vhd
    Info (12022): Found design unit 1: mux2to1_8bit-struct
    Info (12023): Found entity 1: mux2to1_8bit
Info (12021): Found 1 design units, including 1 entities, in source file testing_reg_file.bdf
    Info (12023): Found entity 1: testing_reg_file
Info (12021): Found 2 design units, including 1 entities, in source file d_latch.vhd
    Info (12022): Found design unit 1: D_LATCH-rtl
    Info (12023): Found entity 1: D_LATCH
Info (12127): Elaborating entity "testing_reg_file" for the top level hierarchy
Info (12128): Elaborating entity "register_file" for hierarchy "register_file:inst"
Info (12128): Elaborating entity "decoder3to8" for hierarchy "register_file:inst|decoder3to8:dec_inst"
Info (12128): Elaborating entity "eightBitAsyncReg" for hierarchy "register_file:inst|eightBitAsyncReg:\GEN_REG:0:reg_inst"
Info (12128): Elaborating entity "D_LATCH" for hierarchy "register_file:inst|eightBitAsyncReg:\GEN_REG:0:reg_inst|D_LATCH:REG0"
Info (12128): Elaborating entity "mux8to1_8bit" for hierarchy "register_file:inst|mux8to1_8bit:mux_read1"
Info (12128): Elaborating entity "mux2to1_8bit" for hierarchy "register_file:inst|mux8to1_8bit:mux_read1|mux2to1_8bit:mux0_1_inst"
Info (286030): Timing-Driven Synthesis is running
Info (16010): Generating hard_block partition "hard_block:auto_generated_inst"
    Info (16011): Adding 0 node(s), including 0 DDIO, 0 PLL, 0 transceiver and 0 LCELL
Info (21057): Implemented 185 device resources after synthesis - the final resource count might be different
    Info (21058): Implemented 17 input pins
    Info (21059): Implemented 16 output pins
    Info (21061): Implemented 152 logic cells
Info: Quartus II 64-Bit Analysis & Synthesis was successful. 0 errors, 1 warning
    Info: Peak virtual memory: 4664 megabytes
    Info: Processing ended: Wed Feb 26 20:29:21 2025
    Info: Elapsed time: 00:00:01
    Info: Total CPU time (on all processors): 00:00:02


