Flow report for Lab2
Mon Mar 10 17:02:15 2025
Quartus II 64-Bit Version 13.1.0 Build 162 10/23/2013 SJ Web Edition


---------------------
; Table of Contents ;
---------------------
  1. Legal Notice
  2. Flow Summary
  3. Flow Settings
  4. Flow Non-Default Global Settings
  5. Flow Elapsed Time
  6. Flow OS Summary
  7. Flow Log
  8. Flow Messages
  9. Flow Suppressed Messages



----------------
; Legal Notice ;
----------------
Copyright (C) 1991-2013 Altera Corporation
Your use of Altera Corporation's design tools, logic functions 
and other software and tools, and its AMPP partner logic 
functions, and any output files from any of the foregoing 
(including device programming or simulation files), and any 
associated documentation or information are expressly subject 
to the terms and conditions of the Altera Program License 
Subscription Agreement, Altera MegaCore Function License 
Agreement, or other applicable license agreement, including, 
without limitation, that your use is for the sole purpose of 
programming logic devices manufactured by Altera and sold by 
Altera or its authorized distributors.  Please refer to the 
applicable agreement for further details.



+---------------------------------------------------------------------------------+
; Flow Summary                                                                    ;
+------------------------------------+--------------------------------------------+
; Flow Status                        ; Successful - Mon Mar 10 17:02:15 2025      ;
; Quartus II 64-Bit Version          ; 13.1.0 Build 162 10/23/2013 SJ Web Edition ;
; Revision Name                      ; Lab2                                       ;
; Top-level Entity Name              ; Lab2                                       ;
; Family                             ; Cyclone IV E                               ;
; Device                             ; EP4CE115F29C7                              ;
; Timing Models                      ; Final                                      ;
; Total logic elements               ; 286 / 114,480 ( < 1 % )                    ;
;     Total combinational functions  ; 285 / 114,480 ( < 1 % )                    ;
;     Dedicated logic registers      ; 6 / 114,480 ( < 1 % )                      ;
; Total registers                    ; 6                                          ;
; Total pins                         ; 129 / 529 ( 24 % )                         ;
; Total virtual pins                 ; 0                                          ;
; Total memory bits                  ; 10,240 / 3,981,312 ( < 1 % )               ;
; Embedded Multiplier 9-bit elements ; 0 / 532 ( 0 % )                            ;
; Total PLLs                         ; 0 / 4 ( 0 % )                              ;
+------------------------------------+--------------------------------------------+


+-----------------------------------------+
; Flow Settings                           ;
+-------------------+---------------------+
; Option            ; Setting             ;
+-------------------+---------------------+
; Start date & time ; 03/10/2025 17:01:02 ;
; Main task         ; Compilation         ;
; Revision Name     ; Lab2                ;
+-------------------+---------------------+


+-------------------------------------------------------------------------------------------------------------------------------------------------------------------------------------------------------------------+
; Flow Non-Default Global Settings                                                                                                                                                                                  ;
+-------------------------------------+------------------------------------------------------------------------------------------------------------------------------+---------------+-------------+----------------+
; Assignment Name                     ; Value                                                                                                                        ; Default Value ; Entity Name ; Section Id     ;
+-------------------------------------+------------------------------------------------------------------------------------------------------------------------------+---------------+-------------+----------------+
; COMPILER_SIGNATURE_ID               ; 264562648614592.174164046214624                                                                                              ; --            ; --          ; --             ;
; EDA_GENERATE_FUNCTIONAL_NETLIST     ; On                                                                                                                           ; --            ; --          ; eda_simulation ;
; EDA_NETLIST_WRITER_OUTPUT_DIR       ; C:/Users/jadme/Desktop/uOttawa/courses/Current_Courses/CEG_3156/CEG3156_Lab2/MIPS_processor/Quartus_project/simulation/qsim/ ; --            ; --          ; eda_simulation ;
; EDA_OUTPUT_DATA_FORMAT              ; Verilog Hdl                                                                                                                  ; --            ; --          ; eda_simulation ;
; EDA_SIMULATION_TOOL                 ; ModelSim-Altera (Verilog)                                                                                                    ; <None>        ; --          ; --             ;
; IP_TOOL_NAME                        ; LPM_CONSTANT                                                                                                                 ; --            ; --          ; --             ;
; IP_TOOL_NAME                        ; LPM_CONSTANT                                                                                                                 ; --            ; --          ; --             ;
; IP_TOOL_NAME                        ; LPM_CONSTANT                                                                                                                 ; --            ; --          ; --             ;
; IP_TOOL_NAME                        ; LPM_CONSTANT                                                                                                                 ; --            ; --          ; --             ;
; IP_TOOL_VERSION                     ; 13.1                                                                                                                         ; --            ; --          ; --             ;
; IP_TOOL_VERSION                     ; 13.1                                                                                                                         ; --            ; --          ; --             ;
; IP_TOOL_VERSION                     ; 13.1                                                                                                                         ; --            ; --          ; --             ;
; IP_TOOL_VERSION                     ; 13.1                                                                                                                         ; --            ; --          ; --             ;
; MAX_CORE_JUNCTION_TEMP              ; 85                                                                                                                           ; --            ; --          ; --             ;
; MIN_CORE_JUNCTION_TEMP              ; 0                                                                                                                            ; --            ; --          ; --             ;
; MISC_FILE                           ; lpm_constant0.bsf                                                                                                            ; --            ; --          ; --             ;
; MISC_FILE                           ; lpm_constant0.cmp                                                                                                            ; --            ; --          ; --             ;
; MISC_FILE                           ; lpm_constant1.bsf                                                                                                            ; --            ; --          ; --             ;
; MISC_FILE                           ; lpm_constant1.cmp                                                                                                            ; --            ; --          ; --             ;
; MISC_FILE                           ; lpm_constant2.bsf                                                                                                            ; --            ; --          ; --             ;
; MISC_FILE                           ; lpm_constant2.cmp                                                                                                            ; --            ; --          ; --             ;
; MISC_FILE                           ; lpm_constant3.bsf                                                                                                            ; --            ; --          ; --             ;
; MISC_FILE                           ; lpm_constant3.cmp                                                                                                            ; --            ; --          ; --             ;
; NOMINAL_CORE_SUPPLY_VOLTAGE         ; 1.2V                                                                                                                         ; --            ; --          ; --             ;
; PARTITION_COLOR                     ; 16764057                                                                                                                     ; --            ; --          ; Top            ;
; PARTITION_FITTER_PRESERVATION_LEVEL ; PLACEMENT_AND_ROUTING                                                                                                        ; --            ; --          ; Top            ;
; PARTITION_NETLIST_TYPE              ; SOURCE                                                                                                                       ; --            ; --          ; Top            ;
; POWER_BOARD_THERMAL_MODEL           ; None (CONSERVATIVE)                                                                                                          ; --            ; --          ; --             ;
; POWER_PRESET_COOLING_SOLUTION       ; 23 MM HEAT SINK WITH 200 LFPM AIRFLOW                                                                                        ; --            ; --          ; --             ;
; PROJECT_OUTPUT_DIRECTORY            ; output_files                                                                                                                 ; --            ; --          ; --             ;
+-------------------------------------+------------------------------------------------------------------------------------------------------------------------------+---------------+-------------+----------------+


+-------------------------------------------------------------------------------------------------------------------------------+
; Flow Elapsed Time                                                                                                             ;
+---------------------------+--------------+-------------------------+---------------------+------------------------------------+
; Module Name               ; Elapsed Time ; Average Processors Used ; Peak Virtual Memory ; Total CPU Time (on all processors) ;
+---------------------------+--------------+-------------------------+---------------------+------------------------------------+
; Analysis & Synthesis      ; 00:00:03     ; 1.0                     ; 4699 MB             ; 00:00:04                           ;
; Fitter                    ; 00:00:19     ; 1.0                     ; 5150 MB             ; 00:00:19                           ;
; Assembler                 ; 00:00:03     ; 1.0                     ; 4620 MB             ; 00:00:03                           ;
; TimeQuest Timing Analyzer ; 00:00:04     ; 1.0                     ; 4689 MB             ; 00:00:03                           ;
; EDA Netlist Writer        ; 00:00:01     ; 1.0                     ; 4549 MB             ; 00:00:00                           ;
; EDA Netlist Writer        ; 00:00:01     ; 1.0                     ; 4565 MB             ; 00:00:01                           ;
; EDA Netlist Writer        ; 00:00:01     ; 1.0                     ; 4565 MB             ; 00:00:01                           ;
; Total                     ; 00:00:32     ; --                      ; --                  ; 00:00:31                           ;
+---------------------------+--------------+-------------------------+---------------------+------------------------------------+


+----------------------------------------------------------------------------------------+
; Flow OS Summary                                                                        ;
+---------------------------+------------------+-----------+------------+----------------+
; Module Name               ; Machine Hostname ; OS Name   ; OS Version ; Processor type ;
+---------------------------+------------------+-----------+------------+----------------+
; Analysis & Synthesis      ; DESKTOP-IDH4SBV  ; Windows 7 ; 6.2        ; x86_64         ;
; Fitter                    ; DESKTOP-IDH4SBV  ; Windows 7 ; 6.2        ; x86_64         ;
; Assembler                 ; DESKTOP-IDH4SBV  ; Windows 7 ; 6.2        ; x86_64         ;
; TimeQuest Timing Analyzer ; DESKTOP-IDH4SBV  ; Windows 7 ; 6.2        ; x86_64         ;
; EDA Netlist Writer        ; DESKTOP-IDH4SBV  ; Windows 7 ; 6.2        ; x86_64         ;
; EDA Netlist Writer        ; DESKTOP-IDH4SBV  ; Windows 7 ; 6.2        ; x86_64         ;
; EDA Netlist Writer        ; DESKTOP-IDH4SBV  ; Windows 7 ; 6.2        ; x86_64         ;
+---------------------------+------------------+-----------+------------+----------------+


------------
; Flow Log ;
------------
quartus_map --read_settings_files=on --write_settings_files=off Lab2 -c Lab2
quartus_fit --read_settings_files=off --write_settings_files=off Lab2 -c Lab2
quartus_asm --read_settings_files=off --write_settings_files=off Lab2 -c Lab2
quartus_sta Lab2 -c Lab2
quartus_eda --read_settings_files=off --write_settings_files=off Lab2 -c Lab2
quartus_eda --gen_testbench --check_outputs=on --tool=modelsim_oem --format=verilog Lab2 -c Lab2 --vector_source=C:/Users/jadme/Desktop/uOttawa/courses/Current_Courses/CEG_3156/CEG3156_Lab2/MIPS_processor/Quartus_project/Waveform8.vwf --testbench_file=C:/Users/jadme/Desktop/uOttawa/courses/Current_Courses/CEG_3156/CEG3156_Lab2/MIPS_processor/Quartus_project/simulation/qsim/Waveform8.vwf.vt
quartus_eda --functional=on --flatten_buses=off --simulation=on --tool=modelsim_oem --format=verilog --output_directory=C:/Users/jadme/Desktop/uOttawa/courses/Current_Courses/CEG_3156/CEG3156_Lab2/MIPS_processor/Quartus_project/simulation/qsim/ Lab2 -c Lab2



